-------------------------------------------------------------------------------
Test set: TestSuite
-------------------------------------------------------------------------------
Tests run: 6, Failures: 4, Errors: 0, Skipped: 0, Time elapsed: 2.558 s <<< FAILURE! -- in TestSuite
GroupAPITestRunner.runScenario["As an admin user, I can create a group and confirm it later by fetching a list of groups", "Create a group via API as admin user"](1) -- Time elapsed: 1.375 s <<< FAILURE!
java.lang.AssertionError: expected [201] but found [400]
	at org.testng.Assert.fail(Assert.java:111)
	at org.testng.Assert.failNotEquals(Assert.java:1578)
	at org.testng.Assert.assertEqualsImpl(Assert.java:150)
	at org.testng.Assert.assertEquals(Assert.java:132)
	at org.testng.Assert.assertEquals(Assert.java:1419)
	at org.testng.Assert.assertEquals(Assert.java:1383)
	at org.testng.Assert.assertEquals(Assert.java:1429)
	at stepDef.api.group.CreateGroupStepsAPI.iAmLoggedInAsAnAdminWithUsernameAndPassword(CreateGroupStepsAPI.java:19)
	at ✽.I am logged in as an admin with "jzjz" and "jzjz" and create a group with the name "basic-jira-user"(classpath:features/api/group/a-create-groups-api.feature:4)

GroupAPITestRunner.runScenario["As an admin user, I can create a group and confirm it later by fetching a list of groups", "Create a group via API as admin user"](2) -- Time elapsed: 0.028 s <<< FAILURE!
java.lang.AssertionError: expected [201] but found [400]
	at org.testng.Assert.fail(Assert.java:111)
	at org.testng.Assert.failNotEquals(Assert.java:1578)
	at org.testng.Assert.assertEqualsImpl(Assert.java:150)
	at org.testng.Assert.assertEquals(Assert.java:132)
	at org.testng.Assert.assertEquals(Assert.java:1419)
	at org.testng.Assert.assertEquals(Assert.java:1383)
	at org.testng.Assert.assertEquals(Assert.java:1429)
	at stepDef.api.group.CreateGroupStepsAPI.iAmLoggedInAsAnAdminWithUsernameAndPassword(CreateGroupStepsAPI.java:19)
	at ✽.I am logged in as an admin with "bob" and "bob123" and create a group with the name "paid-jira-user"(classpath:features/api/group/a-create-groups-api.feature:4)

GroupAPITestRunner.runScenario["As an admin user, I can assign a user to different groups and confirm by fetching group members", "Assign a user to a group via API as admin user"](3) -- Time elapsed: 0.028 s <<< FAILURE!
java.lang.AssertionError: expected [201] but found [400]
	at org.testng.Assert.fail(Assert.java:111)
	at org.testng.Assert.failNotEquals(Assert.java:1578)
	at org.testng.Assert.assertEqualsImpl(Assert.java:150)
	at org.testng.Assert.assertEquals(Assert.java:132)
	at org.testng.Assert.assertEquals(Assert.java:1419)
	at org.testng.Assert.assertEquals(Assert.java:1383)
	at org.testng.Assert.assertEquals(Assert.java:1429)
	at stepDef.api.group.AddUserToGroupStepsAPI.iAmLoggedInAsAnAdminWithUsernameAndPasswordAndAddAUserAddedUserToTheGroupNameGroup(AddUserToGroupStepsAPI.java:18)
	at ✽.I am logged in as an admin with "jzjz" and "jzjz" and add a user "bob" to the "basic-jira-user" group(classpath:features/api/group/b-assign-users-to-group-api.feature:4)

GroupAPITestRunner.runScenario["As an admin user, I can assign a user to different groups and confirm by fetching group members", "Assign a user to a group via API as admin user"](4) -- Time elapsed: 0.020 s <<< FAILURE!
java.lang.AssertionError: expected [201] but found [400]
	at org.testng.Assert.fail(Assert.java:111)
	at org.testng.Assert.failNotEquals(Assert.java:1578)
	at org.testng.Assert.assertEqualsImpl(Assert.java:150)
	at org.testng.Assert.assertEquals(Assert.java:132)
	at org.testng.Assert.assertEquals(Assert.java:1419)
	at org.testng.Assert.assertEquals(Assert.java:1383)
	at org.testng.Assert.assertEquals(Assert.java:1429)
	at stepDef.api.group.AddUserToGroupStepsAPI.iAmLoggedInAsAnAdminWithUsernameAndPasswordAndAddAUserAddedUserToTheGroupNameGroup(AddUserToGroupStepsAPI.java:18)
	at ✽.I am logged in as an admin with "bob" and "bob123" and add a user "jzjz" to the "paid-jira-user" group(classpath:features/api/group/b-assign-users-to-group-api.feature:4)

